
> ai-recruitment-saas-frontend@0.1.0 dev
> next dev --hostname 127.0.0.1 --port 3000

▲ Next.js 16.2.6 (Turbopack)
- Local:         http://127.0.0.1:3000
- Network:       http://127.0.0.1:3000
✓ Ready in 1238ms

 GET / 200 in 1217ms (next.js: 340ms, proxy.ts: 151ms, application-code: 726ms)
 GET / 200 in 487ms (next.js: 47ms, proxy.ts: 21ms, application-code: 419ms)
 GET / 200 in 1228ms (next.js: 33ms, proxy.ts: 27ms, application-code: 1169ms)
 GET /login?callbackUrl=%2Fcandidate%2Fdashboard 200 in 360ms (next.js: 144ms, proxy.ts: 26ms, application-code: 189ms)
 GET /register 200 in 159ms (next.js: 71ms, proxy.ts: 13ms, application-code: 76ms)
 GET /login 200 in 54ms (next.js: 8ms, proxy.ts: 6ms, application-code: 40ms)
 GET /login?callbackUrl=%2Fdashboard 200 in 62ms (next.js: 10ms, proxy.ts: 7ms, application-code: 45ms)
 GET /login?callbackUrl=%2Fdashboard 200 in 97ms (next.js: 12ms, proxy.ts: 13ms, application-code: 71ms)
 GET / 200 in 237ms (next.js: 20ms, proxy.ts: 9ms, application-code: 208ms)
 GET /jobs 200 in 140ms (next.js: 74ms, proxy.ts: 9ms, application-code: 57ms)
 GET /jobs/senior-frontend-developer-testcorp_934fa7 200 in 1417ms (next.js: 1333ms, proxy.ts: 5ms, application-code: 79ms)
 GET /jobs 200 in 75ms (next.js: 14ms, proxy.ts: 9ms, application-code: 52ms)
 GET / 200 in 105ms (next.js: 19ms, proxy.ts: 12ms, application-code: 74ms)
 GET /jobs 200 in 83ms (next.js: 11ms, proxy.ts: 7ms, application-code: 64ms)
 GET /login 200 in 70ms (next.js: 9ms, proxy.ts: 10ms, application-code: 52ms)
 GET /login?callbackUrl=%2Fdashboard 200 in 53ms (next.js: 8ms, proxy.ts: 4ms, application-code: 41ms)
✓ Compiled in 2.2s
 GET /login?callbackUrl=%2Fdashboard 200 in 1052ms (next.js: 274ms, proxy.ts: 132ms, application-code: 646ms)
 GET /login?callbackUrl=%2Fdashboard 200 in 598ms (next.js: 323ms, proxy.ts: 84ms, application-code: 190ms)
 GET /login?callbackUrl=%2Fdashboard 200 in 602ms (next.js: 439ms, proxy.ts: 85ms, application-code: 78ms)
 GET /login?callbackUrl=%2Fdashboard 200 in 1105ms (next.js: 216ms, proxy.ts: 134ms, application-code: 755ms)
 GET /login?callbackUrl=%2Fdashboard 200 in 967ms (next.js: 342ms, proxy.ts: 19ms, application-code: 606ms)
 GET /login?callbackUrl=%2Fdashboard 200 in 974ms (next.js: 307ms, proxy.ts: 17ms, application-code: 650ms)
 GET /login?callbackUrl=%2Fdashboard 200 in 116ms (next.js: 13ms, proxy.ts: 7ms, application-code: 96ms)
 GET /login?callbackUrl=%2Fdashboard 200 in 133ms (next.js: 9ms, proxy.ts: 9ms, application-code: 114ms)
 GET /login?callbackUrl=%2Fdashboard 200 in 74ms (next.js: 11ms, proxy.ts: 5ms, application-code: 58ms)
 GET / 200 in 605ms (next.js: 227ms, proxy.ts: 10ms, application-code: 367ms)
 GET /login 200 in 68ms (next.js: 11ms, proxy.ts: 9ms, application-code: 49ms)
 GET /login?callbackUrl=%2Fdashboard 200 in 68ms (next.js: 11ms, proxy.ts: 7ms, application-code: 50ms)
 GET /login?callbackUrl=%2Fdashboard 200 in 125ms (next.js: 13ms, proxy.ts: 7ms, application-code: 105ms)
✓ Compiled in 1844ms
 GET /login?callbackUrl=%2Fdashboard 200 in 1990ms (next.js: 442ms, proxy.ts: 300ms, application-code: 1248ms)
 GET /login?callbackUrl=%2Fdashboard 200 in 433ms (next.js: 207ms, proxy.ts: 63ms, application-code: 163ms)
 GET /login?callbackUrl=%2Fdashboard 200 in 445ms (next.js: 285ms, proxy.ts: 21ms, application-code: 139ms)
 GET /login?callbackUrl=%2Fdashboard 200 in 2.0s (next.js: 575ms, proxy.ts: 263ms, application-code: 1173ms)
 GET /login?callbackUrl=%2Fdashboard 200 in 2.0s (next.js: 647ms, proxy.ts: 255ms, application-code: 1113ms)
 GET /login?callbackUrl=%2Fdashboard 200 in 1736ms (next.js: 120ms, proxy.ts: 1189ms, application-code: 427ms)
 GET /login?callbackUrl=%2Fdashboard 200 in 194ms (next.js: 13ms, proxy.ts: 12ms, application-code: 169ms)
 GET /login?callbackUrl=%2Fdashboard 200 in 122ms (next.js: 8ms, proxy.ts: 7ms, application-code: 106ms)
 GET /dashboard 200 in 407ms (next.js: 135ms, proxy.ts: 14ms, application-code: 258ms)
 GET /dashboard/applications 200 in 124ms (next.js: 68ms, proxy.ts: 6ms, application-code: 51ms)
✓ Compiled in 721ms
 GET /login?callbackUrl=%2Fdashboard 200 in 765ms (next.js: 172ms, proxy.ts: 55ms, application-code: 539ms)
 GET /dashboard/applications 200 in 775ms (next.js: 274ms, proxy.ts: 9ms, application-code: 492ms)
 GET /login?callbackUrl=%2Fdashboard 200 in 410ms (next.js: 32ms, proxy.ts: 22ms, application-code: 356ms)
 GET /dashboard/applications 200 in 391ms (next.js: 115ms, proxy.ts: 10ms, application-code: 266ms)
 GET /login?callbackUrl=%2Fdashboard 200 in 197ms (next.js: 38ms, proxy.ts: 14ms, application-code: 145ms)
 GET /dashboard/applications 200 in 178ms (next.js: 84ms, proxy.ts: 13ms, application-code: 81ms)
 GET /dashboard/jobs 200 in 168ms (next.js: 98ms, proxy.ts: 7ms, application-code: 62ms)
 GET /login?callbackUrl=%2Fdashboard 200 in 431ms (next.js: 13ms, proxy.ts: 9ms, application-code: 408ms)
 GET /dashboard/jobs/300a0ec1-a6a0-4f75-b09e-fbc4f1aefea4 200 in 1404ms (next.js: 1300ms, proxy.ts: 13ms, application-code: 92ms)
 GET /dashboard/jobs/300a0ec1-a6a0-4f75-b09e-fbc4f1aefea4 200 in 112ms (next.js: 34ms, proxy.ts: 8ms, application-code: 70ms)
 GET /dashboard 200 in 324ms (next.js: 246ms, proxy.ts: 8ms, application-code: 70ms)
 GET /dashboard/applications 200 in 79ms (next.js: 13ms, proxy.ts: 9ms, application-code: 57ms)
 GET /dashboard/applications 200 in 77ms (next.js: 15ms, proxy.ts: 8ms, application-code: 54ms)
 GET /dashboard/jobs/300a0ec1-a6a0-4f75-b09e-fbc4f1aefea4 200 in 122ms (next.js: 39ms, proxy.ts: 8ms, application-code: 76ms)
 GET /login?callbackUrl=%2Fdashboard 200 in 173ms (next.js: 14ms, proxy.ts: 7ms, application-code: 152ms)
 GET /login?callbackUrl=%2Fdashboard 200 in 1134ms (next.js: 288ms, proxy.ts: 226ms, application-code: 621ms)
 GET /login?callbackUrl=%2Fdashboard%2Fapplications 200 in 667ms (next.js: 53ms, proxy.ts: 28ms, application-code: 585ms)
 GET /login?callbackUrl=%2Fdashboard 200 in 753ms (next.js: 111ms, proxy.ts: 19ms, application-code: 623ms)
 GET /login?callbackUrl=%2Fdashboard 200 in 587ms (next.js: 90ms, proxy.ts: 13ms, application-code: 483ms)
 GET /login?callbackUrl=%2Fdashboard 200 in 586ms (next.js: 152ms, proxy.ts: 12ms, application-code: 422ms)
 GET /login?callbackUrl=%2Fdashboard%2Fapplications 200 in 606ms (next.js: 22ms, proxy.ts: 19ms, application-code: 564ms)
 GET /login?callbackUrl=%2Fdashboard%2Fapplications 200 in 751ms (next.js: 41ms, proxy.ts: 29ms, application-code: 680ms)
 GET /login?callbackUrl=%2Fdashboard%2Fapplications 200 in 748ms (next.js: 108ms, proxy.ts: 29ms, application-code: 610ms)
 GET /login?callbackUrl=%2Fdashboard%2Fapplications 200 in 712ms (next.js: 173ms, proxy.ts: 16ms, application-code: 523ms)
 GET /login?callbackUrl=%2Fdashboard%2Fapplications 200 in 435ms (next.js: 48ms, proxy.ts: 12ms, application-code: 375ms)
 GET /login?callbackUrl=%2Fdashboard%2Fapplications 200 in 828ms (next.js: 183ms, proxy.ts: 59ms, application-code: 586ms)
 GET /login?callbackUrl=%2Fdashboard 200 in 827ms (next.js: 269ms, proxy.ts: 60ms, application-code: 498ms)
 GET /login?callbackUrl=%2Fdashboard 200 in 429ms (next.js: 26ms, proxy.ts: 11ms, application-code: 392ms)
 GET /login?callbackUrl=%2Fdashboard%2Fapplications 200 in 421ms (next.js: 96ms, proxy.ts: 8ms, application-code: 317ms)
 GET /login?callbackUrl=%2Fdashboard 200 in 239ms (next.js: 35ms, proxy.ts: 13ms, application-code: 191ms)
 GET /login?callbackUrl=%2Fdashboard%2Fapplications 200 in 226ms (next.js: 102ms, proxy.ts: 14ms, application-code: 110ms)
 GET /login?callbackUrl=%2Fdashboard%2Fapplications 200 in 370ms (next.js: 13ms, proxy.ts: 10ms, application-code: 347ms)
 GET /login?callbackUrl=%2Fdashboard%2Fjobs 200 in 106ms (next.js: 8ms, proxy.ts: 6ms, application-code: 93ms)
 GET /register 200 in 675ms (next.js: 221ms, proxy.ts: 9ms, application-code: 445ms)
 GET / 200 in 669ms (next.js: 194ms, proxy.ts: 13ms, application-code: 461ms)
 GET /jobs 200 in 262ms (next.js: 179ms, proxy.ts: 11ms, application-code: 72ms)
 GET /jobs 200 in 64ms (next.js: 10ms, proxy.ts: 7ms, application-code: 48ms)
 GET /jobs/senior-frontend-developer-testcorp_55ba2b 200 in 322ms (next.js: 240ms, proxy.ts: 6ms, application-code: 75ms)
 GET /login 200 in 91ms (next.js: 11ms, proxy.ts: 9ms, application-code: 71ms)
 GET /register 200 in 82ms (next.js: 14ms, proxy.ts: 7ms, application-code: 61ms)
 GET /login 200 in 54ms (next.js: 9ms, proxy.ts: 5ms, application-code: 41ms)
 GET /dashboard 200 in 116ms (next.js: 31ms, proxy.ts: 7ms, application-code: 78ms)
 GET /dashboard/applications 200 in 67ms (next.js: 20ms, proxy.ts: 6ms, application-code: 42ms)
 GET /dashboard/jobs 200 in 70ms (next.js: 22ms, proxy.ts: 6ms, application-code: 42ms)
 GET /dashboard/applications 200 in 76ms (next.js: 8ms, proxy.ts: 6ms, application-code: 62ms)
 GET /dashboard/pipeline 200 in 117ms (next.js: 65ms, proxy.ts: 6ms, application-code: 46ms)
 GET /dashboard 200 in 123ms (next.js: 17ms, proxy.ts: 6ms, application-code: 101ms)
 GET /dashboard/applications 200 in 57ms (next.js: 9ms, proxy.ts: 6ms, application-code: 43ms)
