Watching for file changes with StatReloader
[30/May/2026 22:44:19] "GET /api/v1/health/ HTTP/1.1" 200 62
[30/May/2026 22:44:19,067] - Broken pipe from ('127.0.0.1', 59231)
Not Found: /
[30/May/2026 22:44:30] "GET / HTTP/1.1" 404 2947
Not Found: /api/v1
[30/May/2026 22:44:30] "GET /api/v1 HTTP/1.1" 404 2983
[30/May/2026 22:44:30] "GET /api/v1/health HTTP/1.1" 301 0
[30/May/2026 22:44:31] "GET /api/v1/health/ HTTP/1.1" 200 10081
Unauthorized: /api/v1/auth/me/
[30/May/2026 22:44:32] "GET /api/v1/auth/me/ HTTP/1.1" 401 58
Unauthorized: /api/v1/auth/refresh/
[30/May/2026 22:44:32] "POST /api/v1/auth/refresh/ HTTP/1.1" 401 35
[30/May/2026 22:44:56] "OPTIONS /api/v1/auth/login/ HTTP/1.1" 200 0
[30/May/2026 22:44:57] "POST /api/v1/auth/login/ HTTP/1.1" 200 36
Unauthorized: /api/v1/auth/me/
[30/May/2026 22:44:57] "GET /api/v1/auth/me/ HTTP/1.1" 401 58
Unauthorized: /api/v1/auth/refresh/
[30/May/2026 22:44:57] "POST /api/v1/auth/refresh/ HTTP/1.1" 401 35
[30/May/2026 22:45:05] "POST /api/v1/auth/login/ HTTP/1.1" 200 36
Unauthorized: /api/v1/auth/me/
[30/May/2026 22:45:05] "GET /api/v1/auth/me/ HTTP/1.1" 401 58
Unauthorized: /api/v1/auth/refresh/
[30/May/2026 22:45:05] "POST /api/v1/auth/refresh/ HTTP/1.1" 401 35
Unauthorized: /api/v1/auth/me/
[30/May/2026 22:45:15] "GET /api/v1/auth/me/ HTTP/1.1" 401 58
Unauthorized: /api/v1/auth/refresh/
[30/May/2026 22:45:15] "POST /api/v1/auth/refresh/ HTTP/1.1" 401 35
[30/May/2026 22:45:17] "GET /api/v1/jobs/public/ HTTP/1.1" 200 3604
[30/May/2026 22:45:17] "GET /api/v1/jobs/public/ HTTP/1.1" 200 3604
[30/May/2026 22:45:22] "GET /api/v1/jobs/public/senior-frontend-developer-testcorp_934fa7/ HTTP/1.1" 200 466
[30/May/2026 22:45:22] "GET /api/v1/jobs/public/senior-frontend-developer-testcorp_934fa7/ HTTP/1.1" 200 466
[30/May/2026 22:45:27] "GET /api/v1/jobs/public/ HTTP/1.1" 200 3604
[30/May/2026 22:45:27] "GET /api/v1/jobs/public/ HTTP/1.1" 200 3604
[30/May/2026 22:45:31] "GET /api/v1/jobs/public/ HTTP/1.1" 200 3604
[30/May/2026 22:45:31] "GET /api/v1/jobs/public/ HTTP/1.1" 200 3604
[30/May/2026 22:45:41] "OPTIONS /api/v1/auth/login/ HTTP/1.1" 200 0
[30/May/2026 22:45:42] "POST /api/v1/auth/login/ HTTP/1.1" 200 36
Unauthorized: /api/v1/auth/me/
[30/May/2026 22:45:42] "GET /api/v1/auth/me/ HTTP/1.1" 401 58
Unauthorized: /api/v1/auth/refresh/
[30/May/2026 22:45:42] "POST /api/v1/auth/refresh/ HTTP/1.1" 401 35
[30/May/2026 22:48:30] "POST /api/v1/auth/login/ HTTP/1.1" 200 36
Unauthorized: /api/v1/auth/me/
[30/May/2026 22:48:30] "GET /api/v1/auth/me/ HTTP/1.1" 401 58
Unauthorized: /api/v1/auth/refresh/
[30/May/2026 22:48:30] "POST /api/v1/auth/refresh/ HTTP/1.1" 401 35
Unauthorized: /api/v1/auth/me/
[30/May/2026 22:48:52] "GET /api/v1/auth/me/ HTTP/1.1" 401 58
Unauthorized: /api/v1/auth/refresh/
[30/May/2026 22:48:52] "POST /api/v1/auth/refresh/ HTTP/1.1" 401 35
[30/May/2026 22:49:02] "POST /api/v1/auth/login/ HTTP/1.1" 200 36
Unauthorized: /api/v1/auth/me/
[30/May/2026 22:49:02] "GET /api/v1/auth/me/ HTTP/1.1" 401 58
Unauthorized: /api/v1/auth/refresh/
[30/May/2026 22:49:02] "POST /api/v1/auth/refresh/ HTTP/1.1" 401 35
[30/May/2026 22:52:11] "OPTIONS /api/v1/auth/login/ HTTP/1.1" 200 0
[30/May/2026 22:52:12] "POST /api/v1/auth/login/ HTTP/1.1" 200 36
[30/May/2026 22:52:12] "GET /api/v1/auth/me/ HTTP/1.1" 200 624
[30/May/2026 22:52:13] "GET /api/v1/jobs/?status=published HTTP/1.1" 200 889
[30/May/2026 22:52:13] "GET /api/v1/jobs/?status=draft HTTP/1.1" 200 2
[30/May/2026 22:52:13] "GET /api/v1/applications/ HTTP/1.1" 200 639
[30/May/2026 22:52:13] "GET /api/v1/jobs/?status=published HTTP/1.1" 200 889
[30/May/2026 22:52:13] "GET /api/v1/jobs/?status=draft HTTP/1.1" 200 2
[30/May/2026 22:52:13] "GET /api/v1/applications/ HTTP/1.1" 200 639
Bad Request: /api/v1/applications/candidates/resumes/upload/
[30/May/2026 22:53:07] "POST /api/v1/applications/candidates/resumes/upload/ HTTP/1.1" 400 61
[30/May/2026 22:53:20] "GET /api/v1/applications/ HTTP/1.1" 200 639
[30/May/2026 22:53:20] "GET /api/v1/applications/ HTTP/1.1" 200 639
[30/May/2026 22:54:50] "GET /api/v1/applications/ HTTP/1.1" 200 639
[30/May/2026 22:54:53] "GET /api/v1/jobs/ HTTP/1.1" 200 889
[30/May/2026 22:54:53] "GET /api/v1/jobs/ HTTP/1.1" 200 889
[30/May/2026 22:55:03] "POST /api/v1/jobs/300a0ec1-a6a0-4f75-b09e-fbc4f1aefea4/close/ HTTP/1.1" 200 884
[30/May/2026 22:55:07] "GET /api/v1/jobs/300a0ec1-a6a0-4f75-b09e-fbc4f1aefea4/ HTTP/1.1" 200 884
[30/May/2026 22:55:07] "GET /api/v1/applications/?job=300a0ec1-a6a0-4f75-b09e-fbc4f1aefea4 HTTP/1.1" 200 639
[30/May/2026 22:55:07] "GET /api/v1/applications/?job=300a0ec1-a6a0-4f75-b09e-fbc4f1aefea4 HTTP/1.1" 200 639
[30/May/2026 22:55:07] "GET /api/v1/jobs/300a0ec1-a6a0-4f75-b09e-fbc4f1aefea4/ HTTP/1.1" 200 884
[30/May/2026 22:55:12] "OPTIONS /api/v1/jobs/300a0ec1-a6a0-4f75-b09e-fbc4f1aefea4/ HTTP/1.1" 200 0
[30/May/2026 22:55:12] "PATCH /api/v1/jobs/300a0ec1-a6a0-4f75-b09e-fbc4f1aefea4/ HTTP/1.1" 200 884
[30/May/2026 22:55:20] "GET /api/v1/jobs/ HTTP/1.1" 200 886
[30/May/2026 22:55:20] "GET /api/v1/jobs/ HTTP/1.1" 200 886
[30/May/2026 22:55:24] "GET /api/v1/jobs/ HTTP/1.1" 200 886
[30/May/2026 22:55:25] "GET /api/v1/jobs/300a0ec1-a6a0-4f75-b09e-fbc4f1aefea4/ HTTP/1.1" 200 884
[30/May/2026 22:55:25] "GET /api/v1/applications/?job=300a0ec1-a6a0-4f75-b09e-fbc4f1aefea4 HTTP/1.1" 200 639
[30/May/2026 22:55:25] "GET /api/v1/jobs/300a0ec1-a6a0-4f75-b09e-fbc4f1aefea4/ HTTP/1.1" 200 884
[30/May/2026 22:55:25] "GET /api/v1/applications/?job=300a0ec1-a6a0-4f75-b09e-fbc4f1aefea4 HTTP/1.1" 200 639
[30/May/2026 22:55:26] "GET /api/v1/jobs/ HTTP/1.1" 200 886
[30/May/2026 22:55:26] "GET /api/v1/jobs/ HTTP/1.1" 200 886
[30/May/2026 22:55:38] "GET /api/v1/jobs/?status=draft HTTP/1.1" 200 2
[30/May/2026 22:55:39] "GET /api/v1/jobs/?status=draft HTTP/1.1" 200 2
[30/May/2026 22:55:39] "GET /api/v1/jobs/?status=published HTTP/1.1" 200 2
[30/May/2026 22:55:39] "GET /api/v1/applications/ HTTP/1.1" 200 639
[30/May/2026 22:55:39] "GET /api/v1/jobs/?status=published HTTP/1.1" 200 2
[30/May/2026 22:55:39] "GET /api/v1/applications/ HTTP/1.1" 200 639
[30/May/2026 22:55:40] "GET /api/v1/applications/ HTTP/1.1" 200 639
[30/May/2026 22:55:40] "GET /api/v1/applications/ HTTP/1.1" 200 639
[30/May/2026 22:55:42] "GET /api/v1/jobs/?status=published HTTP/1.1" 200 2
[30/May/2026 22:55:42] "GET /api/v1/jobs/?status=published HTTP/1.1" 200 2
[30/May/2026 22:55:42] "GET /api/v1/applications/ HTTP/1.1" 200 639
[30/May/2026 22:55:42] "GET /api/v1/jobs/?status=draft HTTP/1.1" 200 2
[30/May/2026 22:55:42] "GET /api/v1/applications/ HTTP/1.1" 200 639
[30/May/2026 22:55:42] "GET /api/v1/jobs/?status=draft HTTP/1.1" 200 2
[30/May/2026 22:55:45] "GET /api/v1/applications/ HTTP/1.1" 200 639
[30/May/2026 22:55:45] "GET /api/v1/applications/ HTTP/1.1" 200 639
[30/May/2026 22:55:50] "GET /api/v1/jobs/300a0ec1-a6a0-4f75-b09e-fbc4f1aefea4/ HTTP/1.1" 200 884
[30/May/2026 22:55:50] "GET /api/v1/applications/?job=300a0ec1-a6a0-4f75-b09e-fbc4f1aefea4 HTTP/1.1" 200 639
[30/May/2026 22:55:50] "GET /api/v1/jobs/300a0ec1-a6a0-4f75-b09e-fbc4f1aefea4/ HTTP/1.1" 200 884
[30/May/2026 22:55:50] "GET /api/v1/applications/?job=300a0ec1-a6a0-4f75-b09e-fbc4f1aefea4 HTTP/1.1" 200 639
[30/May/2026 22:55:52] "PATCH /api/v1/jobs/300a0ec1-a6a0-4f75-b09e-fbc4f1aefea4/ HTTP/1.1" 200 884
[30/May/2026 22:55:58] "GET /api/v1/applications/ HTTP/1.1" 200 639
[30/May/2026 22:55:58] "GET /api/v1/applications/ HTTP/1.1" 200 639
[30/May/2026 23:06:52] "GET /api/v1/health/ HTTP/1.1" 200 62
[30/May/2026 23:06:53,058] - Broken pipe from ('127.0.0.1', 57141)
